<?xml version="1.0" encoding="UTF-8"?>
<testng-results ignored="0" total="1" passed="1" failed="0" skipped="0">
  <reporter-output>
  </reporter-output>
  <suite started-at="2022-03-14T22:50:26 IST" name="Default suite" finished-at="2022-03-14T22:50:26 IST" duration-ms="110">
    <groups>
    </groups>
    <test started-at="2022-03-14T22:50:26 IST" name="Default test" finished-at="2022-03-14T22:50:26 IST" duration-ms="110">
      <class name="CreateEmployee.ReadDatafromCommandtest">
        <test-method signature="readatatest()[pri:0, instance:CreateEmployee.ReadDatafromCommandtest@1fb700ee]" started-at="2022-03-14T22:50:26 IST" name="readatatest" finished-at="2022-03-14T22:50:26 IST" duration-ms="19" status="PASS">
          <reporter-output>
          </reporter-output>
        </test-method> <!-- readatatest -->
      </class> <!-- CreateEmployee.ReadDatafromCommandtest -->
    </test> <!-- Default test -->
  </suite> <!-- Default suite -->
</testng-results>
